<?xml version="1.0" encoding="UTF-8"?>
<testsuite xmlns:xsi="http://www.w3.org/2001/XMLSchema-instance" xsi:noNamespaceSchemaLocation="https://maven.apache.org/surefire/maven-surefire-plugin/xsd/surefire-test-report-3.0.xsd" version="3.0" name="TestCase" time="0.171" tests="9" errors="0" skipped="0" failures="0">
  <properties>
[...]
</properties>
  <testcase name="testServletServiceHello" classname="TestCase" time="0.122">
    <system-out><![CDATA[11:10:52,356 |-INFO in ch.qos.logback.classic.LoggerContext[default] - Could NOT find resource [logback-test.xml]
11:10:52,356 |-INFO in ch.qos.logback.classic.LoggerContext[default] - Found resource [logback.xml] at [file:/C:/Users/S3I_Lab/sample/wasserver/target/test-classes/logback.xml]
11:10:52,356 |-WARN in ch.qos.logback.classic.LoggerContext[default] - Resource [logback.xml] occurs multiple times on the classpath.
11:10:52,356 |-WARN in ch.qos.logback.classic.LoggerContext[default] - Resource [logback.xml] occurs at [file:/C:/Users/S3I_Lab/sample/wasserver/target/test-classes/logback.xml]
11:10:52,356 |-WARN in ch.qos.logback.classic.LoggerContext[default] - Resource [logback.xml] occurs at [file:/C:/Users/S3I_Lab/sample/wasserver/target/classes/logback.xml]
11:10:52,390 |-INFO in ch.qos.logback.classic.joran.action.ConfigurationAction - debug attribute not set
11:10:52,390 |-INFO in ch.qos.logback.core.joran.action.AppenderAction - About to instantiate appender of type [ch.qos.logback.core.ConsoleAppender]
11:10:52,394 |-INFO in ch.qos.logback.core.joran.action.AppenderAction - Naming appender as [CONSOLE]
11:10:52,397 |-INFO in ch.qos.logback.core.joran.action.NestedComplexPropertyIA - Assuming default type [ch.qos.logback.classic.encoder.PatternLayoutEncoder] for [encoder] property
11:10:52,412 |-INFO in ch.qos.logback.core.joran.action.AppenderAction - About to instantiate appender of type [ch.qos.logback.core.rolling.RollingFileAppender]
11:10:52,414 |-INFO in ch.qos.logback.core.joran.action.AppenderAction - Naming appender as [FILE]
11:10:52,418 |-INFO in c.q.l.core.rolling.TimeBasedRollingPolicy@1836463382 - No compression will be used
11:10:52,418 |-INFO in c.q.l.core.rolling.TimeBasedRollingPolicy@1836463382 - Will use the pattern logs/was%d{yyyy-MM-dd}.log for the active file
11:10:52,420 |-INFO in c.q.l.core.rolling.DefaultTimeBasedFileNamingAndTriggeringPolicy - The date pattern is 'yyyy-MM-dd' from file name pattern 'logs/was%d{yyyy-MM-dd}.log'.
11:10:52,420 |-INFO in c.q.l.core.rolling.DefaultTimeBasedFileNamingAndTriggeringPolicy - Roll-over at midnight.
11:10:52,425 |-INFO in c.q.l.core.rolling.DefaultTimeBasedFileNamingAndTriggeringPolicy - Setting initial period to Thu Apr 03 11:09:58 KST 2025
11:10:52,426 |-INFO in ch.qos.logback.core.joran.action.NestedComplexPropertyIA - Assuming default type [ch.qos.logback.classic.encoder.PatternLayoutEncoder] for [encoder] property
11:10:52,427 |-INFO in ch.qos.logback.core.rolling.RollingFileAppender[FILE] - Active log file name: logs/was.log
11:10:52,427 |-INFO in ch.qos.logback.core.rolling.RollingFileAppender[FILE] - File property is set to [logs/was.log]
11:10:52,428 |-INFO in ch.qos.logback.classic.joran.action.RootLoggerAction - Setting level of ROOT logger to DEBUG
11:10:52,428 |-INFO in ch.qos.logback.core.joran.action.AppenderRefAction - Attaching appender named [CONSOLE] to Logger[ROOT]
11:10:52,428 |-INFO in ch.qos.logback.core.joran.action.AppenderRefAction - Attaching appender named [FILE] to Logger[ROOT]
11:10:52,428 |-INFO in ch.qos.logback.classic.joran.action.ConfigurationAction - End of configuration.
11:10:52,428 |-INFO in ch.qos.logback.classic.joran.JoranConfigurator@52bf72b5 - Registering current configuration as safe fallback point

]]></system-out>
  </testcase>
  <testcase name="testLogging" classname="TestCase" time="0.002">
    <system-out><![CDATA[[2025-04-03 11:10:52] [ERROR] [main] TestCase - Exception
]]></system-out>
  </testcase>
  <testcase name="testServletHello" classname="TestCase" time="0.0"/>
  <testcase name="testServletStartWithValidServlet" classname="TestCase" time="0.008">
    <system-out><![CDATA[stringWriter.toString() : Current Time: 2025-04-03 11:10:52
]]></system-out>
  </testcase>
  <testcase name="testErrorPages" classname="TestCase" time="0.0"/>
  <testcase name="testConfigLoader" classname="TestCase" time="0.0"/>
  <testcase name="testHostCheckWithDotDot" classname="TestCase" time="0.0"/>
  <testcase name="testHostBasedHttpRoot" classname="TestCase" time="0.0"/>
  <testcase name="testServletDefaultHello" classname="TestCase" time="0.001">
    <system-out><![CDATA[[2025-04-03 11:10:52] [ERROR] [main] Hello - default domain  No parameters provided
]]></system-out>
  </testcase>
</testsuite>